This file contains any messages produced by compilers while
running configure, to aid debugging if configure makes a mistake.

It was created by Gosu configure 0.7, which was
generated by GNU Autoconf 2.63.  Invocation command line was

  $ ./configure 

## --------- ##
## Platform. ##
## --------- ##

hostname = laptop
uname -m = i686
uname -r = 2.6.31-20-generic-pae
uname -s = Linux
uname -v = #58-Ubuntu SMP Fri Mar 12 06:25:51 UTC 2010

/usr/bin/uname -p = unknown
/bin/uname -X     = unknown

/bin/arch              = unknown
/usr/bin/arch -k       = unknown
/usr/convex/getsysinfo = unknown
/usr/bin/hostinfo      = unknown
/bin/machine           = unknown
/usr/bin/oslevel       = unknown
/bin/universe          = unknown

PATH: /usr/local/sbin
PATH: /usr/local/bin
PATH: /usr/sbin
PATH: /usr/bin
PATH: /sbin
PATH: /bin
PATH: /usr/games


## ----------- ##
## Core tests. ##
## ----------- ##

configure:1881: checking for g++
configure:1897: found /usr/bin/g++
configure:1908: result: g++
configure:1935: checking for C++ compiler version
configure:1943: g++ --version >&5
g++ (Ubuntu 4.4.1-4ubuntu9) 4.4.1
Copyright (C) 2009 Free Software Foundation, Inc.
This is free software; see the source for copying conditions.  There is NO
warranty; not even for MERCHANTABILITY or FITNESS FOR A PARTICULAR PURPOSE.

configure:1947: $? = 0
configure:1954: g++ -v >&5
Using built-in specs.
Target: i486-linux-gnu
Configured with: ../src/configure -v --with-pkgversion='Ubuntu 4.4.1-4ubuntu9' --with-bugurl=file:///usr/share/doc/gcc-4.4/README.Bugs --enable-languages=c,c++,fortran,objc,obj-c++ --prefix=/usr --enable-shared --enable-multiarch --enable-linker-build-id --with-system-zlib --libexecdir=/usr/lib --without-included-gettext --enable-threads=posix --with-gxx-include-dir=/usr/include/c++/4.4 --program-suffix=-4.4 --enable-nls --enable-clocale=gnu --enable-libstdcxx-debug --enable-objc-gc --enable-targets=all --disable-werror --with-arch-32=i486 --with-tune=generic --enable-checking=release --build=i486-linux-gnu --host=i486-linux-gnu --target=i486-linux-gnu
Thread model: posix
gcc version 4.4.1 (Ubuntu 4.4.1-4ubuntu9) 
configure:1958: $? = 0
configure:1965: g++ -V >&5
g++: '-V' option must have argument
configure:1969: $? = 1
configure:1992: checking for C++ compiler default output file name
configure:2014: g++    conftest.cpp  >&5
configure:2018: $? = 0
configure:2056: result: a.out
configure:2075: checking whether the C++ compiler works
configure:2085: ./a.out
configure:2089: $? = 0
configure:2108: result: yes
configure:2115: checking whether we are cross compiling
configure:2117: result: no
configure:2120: checking for suffix of executables
configure:2127: g++ -o conftest    conftest.cpp  >&5
configure:2131: $? = 0
configure:2157: result: 
configure:2163: checking for suffix of object files
configure:2189: g++ -c   conftest.cpp >&5
configure:2193: $? = 0
configure:2218: result: o
configure:2222: checking whether we are using the GNU C++ compiler
configure:2251: g++ -c   conftest.cpp >&5
configure:2258: $? = 0
configure:2275: result: yes
configure:2284: checking whether g++ accepts -g
configure:2314: g++ -c -g  conftest.cpp >&5
configure:2321: $? = 0
configure:2422: result: yes
configure:2499: checking for gcc
configure:2515: found /usr/bin/gcc
configure:2526: result: gcc
configure:2758: checking for C compiler version
configure:2766: gcc --version >&5
gcc (Ubuntu 4.4.1-4ubuntu9) 4.4.1
Copyright (C) 2009 Free Software Foundation, Inc.
This is free software; see the source for copying conditions.  There is NO
warranty; not even for MERCHANTABILITY or FITNESS FOR A PARTICULAR PURPOSE.

configure:2770: $? = 0
configure:2777: gcc -v >&5
Using built-in specs.
Target: i486-linux-gnu
Configured with: ../src/configure -v --with-pkgversion='Ubuntu 4.4.1-4ubuntu9' --with-bugurl=file:///usr/share/doc/gcc-4.4/README.Bugs --enable-languages=c,c++,fortran,objc,obj-c++ --prefix=/usr --enable-shared --enable-multiarch --enable-linker-build-id --with-system-zlib --libexecdir=/usr/lib --without-included-gettext --enable-threads=posix --with-gxx-include-dir=/usr/include/c++/4.4 --program-suffix=-4.4 --enable-nls --enable-clocale=gnu --enable-libstdcxx-debug --enable-objc-gc --enable-targets=all --disable-werror --with-arch-32=i486 --with-tune=generic --enable-checking=release --build=i486-linux-gnu --host=i486-linux-gnu --target=i486-linux-gnu
Thread model: posix
gcc version 4.4.1 (Ubuntu 4.4.1-4ubuntu9) 
configure:2781: $? = 0
configure:2788: gcc -V >&5
gcc: '-V' option must have argument
configure:2792: $? = 1
configure:2795: checking whether we are using the GNU C compiler
configure:2824: gcc -c   conftest.c >&5
configure:2831: $? = 0
configure:2848: result: yes
configure:2857: checking whether gcc accepts -g
configure:2887: gcc -c -g  conftest.c >&5
configure:2894: $? = 0
configure:2995: result: yes
configure:3012: checking for gcc option to accept ISO C89
configure:3086: gcc  -c -g -O2  conftest.c >&5
configure:3093: $? = 0
configure:3116: result: none needed
configure:3136: checking for glMatrixMode in -lGL
configure:3171: gcc -o conftest -g -O2   conftest.c -lGL -lpthread  >&5
configure:3178: $? = 0
configure:3199: result: yes
configure:3221: checking how to run the C preprocessor
configure:3261: gcc -E  conftest.c
configure:3268: $? = 0
configure:3299: gcc -E  conftest.c
conftest.c:9:28: error: ac_nonexistent.h: No such file or directory
configure:3306: $? = 1
configure: failed program was:
| /* confdefs.h.  */
| #define PACKAGE_NAME "Gosu"
| #define PACKAGE_TARNAME "gosu"
| #define PACKAGE_VERSION "0.7"
| #define PACKAGE_STRING "Gosu 0.7"
| #define PACKAGE_BUGREPORT "julian@raschke.de"
| #define HAVE_LIBGL 1
| /* end confdefs.h.  */
| #include <ac_nonexistent.h>
configure:3339: result: gcc -E
configure:3368: gcc -E  conftest.c
configure:3375: $? = 0
configure:3406: gcc -E  conftest.c
conftest.c:9:28: error: ac_nonexistent.h: No such file or directory
configure:3413: $? = 1
configure: failed program was:
| /* confdefs.h.  */
| #define PACKAGE_NAME "Gosu"
| #define PACKAGE_TARNAME "gosu"
| #define PACKAGE_VERSION "0.7"
| #define PACKAGE_STRING "Gosu 0.7"
| #define PACKAGE_BUGREPORT "julian@raschke.de"
| #define HAVE_LIBGL 1
| /* end confdefs.h.  */
| #include <ac_nonexistent.h>
configure:3453: checking for X
configure:3568: gcc -E  conftest.c
configure:3575: $? = 0
configure:3624: gcc -o conftest -g -O2   conftest.c -lX11 -lGL  >&5
configure:3631: $? = 0
configure:3693: result: libraries , headers 
configure:3712: checking for pangoft2
configure:3722: result: yes
configure:3730: checking for SDL_mixer
configure:3736: result: yes
configure:3743: checking for grep that handles long lines and -e
configure:3803: result: /bin/grep
configure:3808: checking for egrep
configure:3872: result: /bin/grep -E
configure:3877: checking for ANSI C header files
configure:3907: gcc -c -g -O2  conftest.c >&5
configure:3914: $? = 0
configure:4013: gcc -o conftest -g -O2   conftest.c -lGL  >&5
configure:4017: $? = 0
configure:4023: ./conftest
configure:4027: $? = 0
configure:4045: result: yes
configure:4069: checking for sys/types.h
configure:4090: gcc -c -g -O2  conftest.c >&5
configure:4097: $? = 0
configure:4114: result: yes
configure:4069: checking for sys/stat.h
configure:4090: gcc -c -g -O2  conftest.c >&5
configure:4097: $? = 0
configure:4114: result: yes
configure:4069: checking for stdlib.h
configure:4090: gcc -c -g -O2  conftest.c >&5
configure:4097: $? = 0
configure:4114: result: yes
configure:4069: checking for string.h
configure:4090: gcc -c -g -O2  conftest.c >&5
configure:4097: $? = 0
configure:4114: result: yes
configure:4069: checking for memory.h
configure:4090: gcc -c -g -O2  conftest.c >&5
configure:4097: $? = 0
configure:4114: result: yes
configure:4069: checking for strings.h
configure:4090: gcc -c -g -O2  conftest.c >&5
configure:4097: $? = 0
configure:4114: result: yes
configure:4069: checking for inttypes.h
configure:4090: gcc -c -g -O2  conftest.c >&5
configure:4097: $? = 0
configure:4114: result: yes
configure:4069: checking for stdint.h
configure:4090: gcc -c -g -O2  conftest.c >&5
configure:4097: $? = 0
configure:4114: result: yes
configure:4069: checking for unistd.h
configure:4090: gcc -c -g -O2  conftest.c >&5
configure:4097: $? = 0
configure:4114: result: yes
configure:4129: checking for sys/stat.h
configure:4134: result: yes
configure:4268: checking for eaccess
configure:4324: gcc -o conftest -g -O2   conftest.c -lGL  >&5
configure:4331: $? = 0
configure:4351: result: yes
configure:4364: checking for ruby
configure:4394: result: no
configure:4364: checking for ruby1.8
configure:4394: result: no
configure:4364: checking for ruby1.9
configure:4394: result: no
configure:4419: checking for dlopen in -ldl
configure:4454: gcc -o conftest -g -O2   conftest.c -ldl  -lGL  >&5
configure:4461: $? = 0
configure:4482: result: yes
configure:4574: checking for sched_setscheduler in -lrt
configure:4609: gcc -o conftest -g -O2   conftest.c -lrt  -lGL  -ldl >&5
configure:4616: $? = 0
configure:4637: result: yes
configure:4878: creating ./config.status

## ---------------------- ##
## Running config.status. ##
## ---------------------- ##

This file was extended by Gosu config.status 0.7, which was
generated by GNU Autoconf 2.63.  Invocation command line was

  CONFIG_FILES    = 
  CONFIG_HEADERS  = 
  CONFIG_LINKS    = 
  CONFIG_COMMANDS = 
  $ ./config.status 

on laptop

config.status:669: creating Makefile

## ---------------- ##
## Cache variables. ##
## ---------------- ##

ac_cv_c_compiler_gnu=yes
ac_cv_cxx_compiler_gnu=yes
ac_cv_env_CCC_set=
ac_cv_env_CCC_value=
ac_cv_env_CC_set=
ac_cv_env_CC_value=
ac_cv_env_CFLAGS_set=
ac_cv_env_CFLAGS_value=
ac_cv_env_CPPFLAGS_set=
ac_cv_env_CPPFLAGS_value=
ac_cv_env_CPP_set=
ac_cv_env_CPP_value=
ac_cv_env_CXXFLAGS_set=
ac_cv_env_CXXFLAGS_value=
ac_cv_env_CXX_set=
ac_cv_env_CXX_value=
ac_cv_env_LDFLAGS_set=
ac_cv_env_LDFLAGS_value=
ac_cv_env_LIBS_set=
ac_cv_env_LIBS_value=
ac_cv_env_XMKMF_set=
ac_cv_env_XMKMF_value=
ac_cv_env_build_alias_set=
ac_cv_env_build_alias_value=
ac_cv_env_host_alias_set=
ac_cv_env_host_alias_value=
ac_cv_env_target_alias_set=
ac_cv_env_target_alias_value=
ac_cv_func_eaccess=yes
ac_cv_have_x='have_x=yes	ac_x_includes='\'''\''	ac_x_libraries='\'''\'''
ac_cv_header_inttypes_h=yes
ac_cv_header_memory_h=yes
ac_cv_header_stdc=yes
ac_cv_header_stdint_h=yes
ac_cv_header_stdlib_h=yes
ac_cv_header_string_h=yes
ac_cv_header_strings_h=yes
ac_cv_header_sys_stat_h=yes
ac_cv_header_sys_types_h=yes
ac_cv_header_unistd_h=yes
ac_cv_lib_GL_glMatrixMode=yes
ac_cv_lib_dl_dlopen=yes
ac_cv_lib_rt_sched_setscheduler=yes
ac_cv_objext=o
ac_cv_path_EGREP='/bin/grep -E'
ac_cv_path_GREP=/bin/grep
ac_cv_prog_CPP='gcc -E'
ac_cv_prog_ac_ct_CC=gcc
ac_cv_prog_ac_ct_CXX=g++
ac_cv_prog_cc_c89=
ac_cv_prog_cc_g=yes
ac_cv_prog_cxx_g=yes

## ----------------- ##
## Output variables. ##
## ----------------- ##

AUDIO_INC='-I/usr/include/SDL -D_GNU_SOURCE=1 -D_REENTRANT'
AUDIO_LIBS='-L/usr/lib -lSDL -lSDL_mixer'
CC='gcc'
CFLAGS='-g -O2'
CPP='gcc -E'
CPPFLAGS=''
CXX='g++'
CXXFLAGS='-g -O2'
DEFS='-DPACKAGE_NAME=\"Gosu\" -DPACKAGE_TARNAME=\"gosu\" -DPACKAGE_VERSION=\"0.7\" -DPACKAGE_STRING=\"Gosu\ 0.7\" -DPACKAGE_BUGREPORT=\"julian@raschke.de\" -DHAVE_LIBGL=1 -DSTDC_HEADERS=1 -DHAVE_SYS_TYPES_H=1 -DHAVE_SYS_STAT_H=1 -DHAVE_STDLIB_H=1 -DHAVE_STRING_H=1 -DHAVE_MEMORY_H=1 -DHAVE_STRINGS_H=1 -DHAVE_INTTYPES_H=1 -DHAVE_STDINT_H=1 -DHAVE_UNISTD_H=1'
DLOPEN_LIB=''
ECHO_C=''
ECHO_N='-n'
ECHO_T=''
EGREP='/bin/grep -E'
EXEEXT=''
GOSU_A_OBJS='$(BASE_OBJS) $(NET_OBJS) $(SDLMIXER_OBJ)'
GREP='/bin/grep'
HAVE_EACCESS='-DHAVE_EACCESS'
HAVE_LIBRT=''
HAVE_SYS_STAT_H='-DHAVE_SYS_STAT_H'
INSTALL_ACTION='cpp_install'
LDFLAGS=''
LIBOBJS=''
LIBS='-lGL  -ldl -lrt'
LTLIBOBJS=''
OBJEXT='o'
PACKAGE_BUGREPORT='julian@raschke.de'
PACKAGE_NAME='Gosu'
PACKAGE_STRING='Gosu 0.7'
PACKAGE_TARNAME='gosu'
PACKAGE_VERSION='0.7'
PANGO_CXX_FLAGS='-I/usr/include/pango-1.0 -I/usr/include/freetype2 -I/usr/include/glib-2.0 -I/usr/lib/glib-2.0/include  '
PANGO_LIBS='-lpangoft2-1.0 -lpango-1.0 -lfreetype -lfontconfig -lgobject-2.0 -lgmodule-2.0 -lglib-2.0  '
PATH_SEPARATOR=':'
PKG_CONFIG='pkg-config'
RUBY_ARCH_DIR=''
RUBY_INC_DIR=''
RUBY_LIBS=''
SHELL='/bin/bash'
TO_BE_MADE='directories ../lib/libgosu.a ../lib/libgosu.so examples ../bin/gosu-config'
UNINSTALL_ACTION='cpp_uninstall'
XMKMF=''
X_INCS=''
ac_ct_CC='gcc'
ac_ct_CXX='g++'
bindir='${exec_prefix}/bin'
build_alias=''
datadir='${datarootdir}'
datarootdir='${prefix}/share'
docdir='${datarootdir}/doc/${PACKAGE_TARNAME}'
dvidir='${docdir}'
exec_prefix='${prefix}'
host_alias=''
htmldir='${docdir}'
includedir='${prefix}/include'
infodir='${datarootdir}/info'
libdir='${exec_prefix}/lib'
libexecdir='${exec_prefix}/libexec'
localedir='${datarootdir}/locale'
localstatedir='${prefix}/var'
mandir='${datarootdir}/man'
oldincludedir='/usr/include'
pdfdir='${docdir}'
prefix='/usr/local'
program_transform_name='s,x,x,'
psdir='${docdir}'
ruby=''
sbindir='${exec_prefix}/sbin'
sharedstatedir='${prefix}/com'
sysconfdir='${prefix}/etc'
target_alias=''
x_libraries=''

## ----------- ##
## confdefs.h. ##
## ----------- ##

#define PACKAGE_NAME "Gosu"
#define PACKAGE_TARNAME "gosu"
#define PACKAGE_VERSION "0.7"
#define PACKAGE_STRING "Gosu 0.7"
#define PACKAGE_BUGREPORT "julian@raschke.de"
#define HAVE_LIBGL 1
#define STDC_HEADERS 1
#define HAVE_SYS_TYPES_H 1
#define HAVE_SYS_STAT_H 1
#define HAVE_STDLIB_H 1
#define HAVE_STRING_H 1
#define HAVE_MEMORY_H 1
#define HAVE_STRINGS_H 1
#define HAVE_INTTYPES_H 1
#define HAVE_STDINT_H 1
#define HAVE_UNISTD_H 1

configure: exit 0
