\BOOKMARK [0][-]{chapter.1}{Motivaci\363n y contexto del proyecto}{}
\BOOKMARK [1][-]{section.1.1}{Introducci\363n}{chapter.1}
\BOOKMARK [0][-]{chapter.2}{Desarrollo del proyecto}{}
\BOOKMARK [1][-]{section.2.1}{Organizaci\363n temporal}{chapter.2}
\BOOKMARK [1][-]{section.2.2}{An\341lisis del sistema}{chapter.2}
\BOOKMARK [1][-]{section.2.3}{Base de Datos}{chapter.2}
\BOOKMARK [1][-]{section.2.4}{C\363digo fuente}{chapter.2}
\BOOKMARK [2][-]{subsection.2.4.1}{Entorno Verbatim}{section.2.4}
\BOOKMARK [2][-]{subsection.2.4.2}{Entorno listing}{section.2.4}
\BOOKMARK [0][-]{lstnumber.-3.1}{Bibliografia y referencias}{}
\BOOKMARK [0][-]{chapter*.12}{Software usado}{}
\BOOKMARK [0][-]{figure.caption.19}{Instalaci\363n de LaTeX}{}
\BOOKMARK [0][-]{section*.22}{GNU Free Documentation License}{}
\BOOKMARK [1][-]{section*.23}{1. APPLICABILITY AND DEFINITIONS}{section*.22}
\BOOKMARK [1][-]{section*.24}{2. VERBATIM COPYING}{section*.22}
\BOOKMARK [1][-]{section*.25}{3. COPYING IN QUANTITY}{section*.22}
\BOOKMARK [1][-]{section*.26}{4. MODIFICATIONS}{section*.22}
\BOOKMARK [1][-]{section*.27}{5. COMBINING DOCUMENTS}{section*.22}
\BOOKMARK [1][-]{section*.28}{6. COLLECTIONS OF DOCUMENTS}{section*.22}
\BOOKMARK [1][-]{section*.29}{7. AGGREGATION WITH INDEPENDENT WORKS}{section*.22}
\BOOKMARK [1][-]{section*.30}{8. TRANSLATION}{section*.22}
\BOOKMARK [1][-]{section*.31}{9. TERMINATION}{section*.22}
\BOOKMARK [1][-]{section*.32}{10. FUTURE REVISIONS OF THIS LICENSE}{section*.22}
\BOOKMARK [1][-]{section*.33}{11. RELICENSING}{section*.22}
\BOOKMARK [1][-]{section*.34}{ADDENDUM: How to use this License for your documents}{section*.22}
